app/build/intermediates/manifest_merge_blame_file/debug/manifest-merger-blame-debug-report.txt
1<?xml version="1.0" encoding="utf-8"?>
2<manifest xmlns:android="http://schemas.android.com/apk/res/android"
3    package="com.example.weatherapp"
4    android:versionCode="1"
5    android:versionName="1.0" >
6
7    <uses-sdk
8        android:minSdkVersion="21"
8-->src\main\AndroidManifest.xml
9        android:targetSdkVersion="32" />
9-->src\main\AndroidManifest.xml
10
11    <uses-permission android:name="android.permission.INTERNET" />
11-->src\main\AndroidManifest.xml:6:5-66
11-->src\main\AndroidManifest.xml:6:22-64
12    <uses-permission android:name="android.permission.ACCESS_NETWORK_STATE" />
12-->src\main\AndroidManifest.xml:7:5-79
12-->src\main\AndroidManifest.xml:7:22-76
13    <uses-permission android:name="android.permission.ACCESS_FINE_LOCATION" />
13-->src\main\AndroidManifest.xml:8:5-79
13-->src\main\AndroidManifest.xml:8:22-76
14
15    <application
15-->src\main\AndroidManifest.xml:9:5-30:19
16        android:allowBackup="true"
16-->src\main\AndroidManifest.xml:10:9-35
17        android:appComponentFactory="androidx.core.app.CoreComponentFactory"
17-->[androidx.core:core:1.7.0] AndroidManifest.xml:24:18-86
18        android:dataExtractionRules="@xml/data_extraction_rules"
18-->src\main\AndroidManifest.xml:11:9-65
19        android:debuggable="true"
20        android:fullBackupContent="@xml/backup_rules"
20-->src\main\AndroidManifest.xml:12:9-54
21        android:icon="@mipmap/ic_launcher"
21-->src\main\AndroidManifest.xml:13:9-43
22        android:label="@string/app_name"
22-->src\main\AndroidManifest.xml:15:9-41
23        android:roundIcon="@mipmap/ic_launcher_round"
23-->src\main\AndroidManifest.xml:16:9-54
24        android:supportsRtl="true"
24-->src\main\AndroidManifest.xml:17:9-35
25        android:testOnly="true"
26        android:theme="@style/Theme.WeatherApp"
26-->src\main\AndroidManifest.xml:18:9-48
27        android:usesCleartextTraffic="true" >
27-->src\main\AndroidManifest.xml:14:9-44
28        <activity
28-->src\main\AndroidManifest.xml:20:9-29:20
29            android:name="com.example.weatherapp.MainActivity"
29-->src\main\AndroidManifest.xml:21:13-41
30            android:exported="true"
30-->src\main\AndroidManifest.xml:22:13-36
31            android:screenOrientation="portrait" >
31-->src\main\AndroidManifest.xml:23:13-49
32            <intent-filter>
32-->src\main\AndroidManifest.xml:24:9-28:25
33                <action android:name="android.intent.action.MAIN" />
33-->src\main\AndroidManifest.xml:25:13-65
33-->src\main\AndroidManifest.xml:25:21-62
34
35                <category android:name="android.intent.category.LAUNCHER" />
35-->src\main\AndroidManifest.xml:27:13-73
35-->src\main\AndroidManifest.xml:27:23-70
36            </intent-filter>
37        </activity>
38        <activity
38-->[com.google.android.gms:play-services-base:18.0.1] AndroidManifest.xml:20:9-22:45
39            android:name="com.google.android.gms.common.api.GoogleApiActivity"
39-->[com.google.android.gms:play-services-base:18.0.1] AndroidManifest.xml:20:19-85
40            android:exported="false"
40-->[com.google.android.gms:play-services-base:18.0.1] AndroidManifest.xml:22:19-43
41            android:theme="@android:style/Theme.Translucent.NoTitleBar" />
41-->[com.google.android.gms:play-services-base:18.0.1] AndroidManifest.xml:21:19-78
42
43        <meta-data
43-->[com.google.android.gms:play-services-basement:18.0.0] AndroidManifest.xml:21:9-23:69
44            android:name="com.google.android.gms.version"
44-->[com.google.android.gms:play-services-basement:18.0.0] AndroidManifest.xml:22:13-58
45            android:value="@integer/google_play_services_version" />
45-->[com.google.android.gms:play-services-basement:18.0.0] AndroidManifest.xml:23:13-66
46
47        <provider
47-->[androidx.lifecycle:lifecycle-process:2.2.0] AndroidManifest.xml:25:9-29:43
48            android:name="androidx.lifecycle.ProcessLifecycleOwnerInitializer"
48-->[androidx.lifecycle:lifecycle-process:2.2.0] AndroidManifest.xml:26:13-79
49            android:authorities="com.example.weatherapp.lifecycle-process"
49-->[androidx.lifecycle:lifecycle-process:2.2.0] AndroidManifest.xml:27:13-69
50            android:exported="false"
50-->[androidx.lifecycle:lifecycle-process:2.2.0] AndroidManifest.xml:28:13-37
51            android:multiprocess="true" />
51-->[androidx.lifecycle:lifecycle-process:2.2.0] AndroidManifest.xml:29:13-40
52    </application>
53
54</manifest>